0 info it worked if it ends with ok
1 verbose cli [ 'C:\\Program Files\\nodejs\\node.exe',
1 verbose cli   'C:\\Users\\zhouwenyong\\AppData\\Roaming\\npm\\node_modules\\npm\\bin\\npm-cli.js',
1 verbose cli   'publish' ]
2 info using npm@2.12.1
3 info using node@v5.6.0
4 verbose publish [ '.' ]
5 silly cache add args [ '.', null ]
6 verbose cache add spec .
7 silly cache add parsed spec Result {
7 silly cache add   raw: '.',
7 silly cache add   scope: null,
7 silly cache add   name: null,
7 silly cache add   rawSpec: '.',
7 silly cache add   spec: 'F:\\project\\flex-layout-chutou',
7 silly cache add   type: 'directory' }
8 verbose addLocalDirectory C:\Users\zhouwenyong\AppData\Roaming\npm-cache\css-flex-layout\1.0.0\package.tgz not in flight; packing
9 verbose tar pack [ 'C:\\Users\\zhouwenyong\\AppData\\Roaming\\npm-cache\\css-flex-layout\\1.0.0\\package.tgz',
9 verbose tar pack   'F:\\project\\flex-layout-chutou' ]
10 verbose tarball C:\Users\zhouwenyong\AppData\Roaming\npm-cache\css-flex-layout\1.0.0\package.tgz
11 verbose folder F:\project\flex-layout-chutou
12 info prepublish css-flex-layout@1.0.0
13 verbose addLocalTarball adding from inside cache C:\Users\zhouwenyong\AppData\Roaming\npm-cache\css-flex-layout\1.0.0\package.tgz
14 silly cache afterAdd css-flex-layout@1.0.0
15 verbose afterAdd C:\Users\zhouwenyong\AppData\Roaming\npm-cache\css-flex-layout\1.0.0\package\package.json not in flight; writing
16 verbose afterAdd C:\Users\zhouwenyong\AppData\Roaming\npm-cache\css-flex-layout\1.0.0\package\package.json written
17 silly publish { name: 'css-flex-layout',
17 silly publish   version: '1.0.0',
17 silly publish   description: 'CSS3 Flexbox layout',
17 silly publish   main: './dist/flex-layout.css',
17 silly publish   devDependencies:
17 silly publish    { gulp: '^3.9.0',
17 silly publish      'gulp-autoprefixer': '^2.3.1',
17 silly publish      'gulp-less': '^3.0.3' },
17 silly publish   repository:
17 silly publish    { type: 'git',
17 silly publish      url: 'git+https://github.com/chutou/flex-layout.git' },
17 silly publish   keywords: [ 'flexbox', 'css3', 'layout', 'grid' ],
17 silly publish   author: { name: 'chutou' },
17 silly publish   license: 'MIT',
17 silly publish   bugs: { url: 'https://github.com/chutou/flex-layout/issues' },
17 silly publish   homepage: 'https://github.com/chutou/flex-layout#readme',
17 silly publish   readme: '#flex-layout\n\n基于flexbox的栅格化布局库，提供更直观、丰富的布局方式。<br>\n\n#npm\n\tnpm install flex-layout\n\n#优势\n\nflex-layout解决了css布局的不少问题:\n\n* 应用一个class就可以垂直居中。\n* 轻松实现多栏同高。\n* 自动计算间距，实现等宽布局，不需要再计算margin。\n* 支持自动填充剩余宽度，以往我们需要通过触发BFC来实现。\n* 支持自动填充剩余高度，比如将footer置于底部。\n* 随意调整[栅格]顺序，比如让main比sidebar提前渲染出来。\n* 丰富的对齐方式：上、下、左、右、左上、右上、左下、右下。\n\n#概述\n\n与传统的栅格化一样，flex-layout基于容器(相当于Bootstrap的row) 和栅格(相当于Bootstrap的column) 来布局:\n\n* [容器]有两种：\n  flex-column: 容器里的[栅格]以横向排列，与传统栅格化的row一样\n  flex-row: 容器里的[栅格]以竖向排列，就像header、content、footer的排列一样\n\n* 通常，只有[栅格]可以直接放在[容器]中，而你的内容应该放在[栅格]里。但这不是必须的，直接把内容放在[容器]里也没问题。\n* 如果一个[容器]里包含的[栅格]超过24格，多出的部分将另起一行。\n* IE的话只兼容IE10+，其他主流浏览器都支持。\n* Flexbox有主轴，副轴的概念，flex-layout已经封装好了，你不需要懂得flexbox，也无需针对不同轴使用不同的class。不过，如果你对Flexbox有所了解的话，用起来会更顺手。\n* 与Bootstrap等栅格化不同的是：flex-layout不需要container，栅格本身不自带padding。\n\n#License\n\nMIT\n\n[1]: https://github.com/chutou/flex-layout/',
17 silly publish   readmeFilename: 'README.md',
17 silly publish   gitHead: 'c198e0c0e747005e377c4d3017282846900eacb8',
17 silly publish   _id: 'css-flex-layout@1.0.0',
17 silly publish   scripts: {},
17 silly publish   _shasum: '7d4cfd68a6129038c0dc7c9bfc80894cd8e43abc',
17 silly publish   _from: '.' }
18 verbose getPublishConfig undefined
19 silly mapToRegistry name css-flex-layout
20 silly mapToRegistry using default registry
21 silly mapToRegistry registry https://registry.npm.taobao.org/
22 silly mapToRegistry uri https://registry.npm.taobao.org/css-flex-layout
23 verbose publish registryBase https://registry.npm.taobao.org/
24 silly publish uploading C:\Users\zhouwenyong\AppData\Roaming\npm-cache\css-flex-layout\1.0.0\package.tgz
25 verbose request uri https://registry.npm.taobao.org/css-flex-layout
26 verbose request sending authorization for write operation
27 info attempt registry request try #1 at 12:08:11
28 verbose request id d5402bbedb0be718
29 http request PUT https://registry.npm.taobao.org/css-flex-layout
30 http 403 https://registry.npm.taobao.org/css-flex-layout
31 verbose headers { date: 'Mon, 24 Oct 2016 04:08:01 GMT',
31 verbose headers   'content-type': 'application/json; charset=utf-8',
31 verbose headers   'content-length': '87',
31 verbose headers   connection: 'keep-alive',
31 verbose headers   'x-current-requests': '1',
31 verbose headers   'x-readtime': '9' }
32 verbose request invalidating C:\Users\zhouwenyong\AppData\Roaming\npm-cache\registry.npm.taobao.org\css-flex-layout on PUT
33 error publish Failed PUT 403
34 verbose stack Error: no_perms Private mode enable, only admin can publish this module: css-flex-layout
34 verbose stack     at CachingRegistryClient.<anonymous> (C:\Users\zhouwenyong\AppData\Roaming\npm\node_modules\npm\node_modules\npm-registry-client\lib\request.js:247:14)
34 verbose stack     at Request._callback (C:\Users\zhouwenyong\AppData\Roaming\npm\node_modules\npm\node_modules\npm-registry-client\lib\request.js:170:14)
34 verbose stack     at Request.self.callback (C:\Users\zhouwenyong\AppData\Roaming\npm\node_modules\npm\node_modules\request\request.js:197:22)
34 verbose stack     at emitTwo (events.js:100:13)
34 verbose stack     at Request.emit (events.js:185:7)
34 verbose stack     at Request.<anonymous> (C:\Users\zhouwenyong\AppData\Roaming\npm\node_modules\npm\node_modules\request\request.js:1050:14)
34 verbose stack     at emitOne (events.js:95:20)
34 verbose stack     at Request.emit (events.js:182:7)
34 verbose stack     at IncomingMessage.<anonymous> (C:\Users\zhouwenyong\AppData\Roaming\npm\node_modules\npm\node_modules\request\request.js:996:12)
34 verbose stack     at emitNone (events.js:85:20)
35 verbose statusCode 403
36 verbose pkgid css-flex-layout
37 verbose cwd F:\project\flex-layout-chutou
38 error Windows_NT 6.3.9600
39 error argv "C:\\Program Files\\nodejs\\node.exe" "C:\\Users\\zhouwenyong\\AppData\\Roaming\\npm\\node_modules\\npm\\bin\\npm-cli.js" "publish"
40 error node v5.6.0
41 error npm  v2.12.1
42 error code E403
43 error no_perms Private mode enable, only admin can publish this module: css-flex-layout
44 error If you need help, you may report this error at:
44 error     <https://github.com/npm/npm/issues>
45 verbose exit [ 1, true ]
